Build started 25.03.2015 20:39:53.
     1>Project "D:\Workspace\impac-t\Box2D\Box2D\Box2D.vcxproj" on node 2 (Build target(s)).
     1>Lib:
         D:\MSVS2013\VC\bin\Lib.exe /OUT:"D:\Workspace\impac-t\Release\Box2D.lib" /NOLOGO /LTCG Release\b2BroadPhase.obj
         Release\b2CollideCircle.obj
         Release\b2CollideEdge.obj
         Release\b2CollidePolygon.obj
         Release\b2Collision.obj
         Release\b2Distance.obj
         Release\b2DynamicTree.obj
         Release\b2TimeOfImpact.obj
         Release\b2ChainShape.obj
         Release\b2CircleShape.obj
         Release\b2EdgeShape.obj
         Release\b2PolygonShape.obj
         Release\b2BlockAllocator.obj
         Release\b2Draw.obj
         Release\b2Math.obj
         Release\b2Settings.obj
         Release\b2StackAllocator.obj
         Release\b2Timer.obj
         Release\b2Body.obj
         Release\b2ContactManager.obj
         Release\b2Fixture.obj
         Release\b2Island.obj
         Release\b2World.obj
         Release\b2WorldCallbacks.obj
         Release\b2ChainAndCircleContact.obj
         Release\b2ChainAndPolygonContact.obj
         Release\b2CircleContact.obj
         Release\b2Contact.obj
         Release\b2ContactSolver.obj
         Release\b2EdgeAndCircleContact.obj
         Release\b2EdgeAndPolygonContact.obj
         Release\b2PolygonAndCircleContact.obj
         Release\b2PolygonContact.obj
         Release\b2DistanceJoint.obj
         Release\b2FrictionJoint.obj
         Release\b2GearJoint.obj
         Release\b2Joint.obj
         Release\b2MotorJoint.obj
         Release\b2MouseJoint.obj
         Release\b2PrismaticJoint.obj
         Release\b2PulleyJoint.obj
         Release\b2RevoluteJoint.obj
         Release\b2RopeJoint.obj
         Release\b2WeldJoint.obj
         Release\b2WheelJoint.obj
         Release\b2Rope.obj
         Box2D.vcxproj -> D:\Workspace\impac-t\Release\Box2D.lib
     1>Done Building Project "D:\Workspace\impac-t\Box2D\Box2D\Box2D.vcxproj" (Build target(s)).

Build succeeded.

Time Elapsed 00:00:01.01
